TN:
SF:src/controllers/tasks/task.controller.ts
FN:7,TaskControllers
FN:9,create
FN:19,read
FN:28,update
FN:40,delete
FNF:5
FNH:5
FNDA:8,TaskControllers
FNDA:2,create
FNDA:2,read
FNDA:1,update
FNDA:1,delete
DA:1,1
DA:2,1
DA:3,1
DA:4,1
DA:5,1
DA:6,1
DA:7,1
DA:8,1
DA:9,1
DA:10,2
DA:11,2
DA:12,2
DA:13,1
DA:14,1
DA:15,1
DA:16,1
DA:17,2
DA:18,1
DA:19,1
DA:20,2
DA:21,2
DA:22,1
DA:23,1
DA:24,1
DA:25,1
DA:26,2
DA:27,1
DA:28,1
DA:29,1
DA:30,1
DA:31,1
DA:32,1
DA:33,1
DA:34,1
DA:35,1
DA:36,1
DA:37,1
DA:38,1
DA:39,1
DA:40,1
DA:41,1
DA:42,1
DA:43,1
DA:44,1
DA:45,1
DA:46,1
DA:47,1
DA:48,1
LF:48
LH:48
BRDA:7,0,0,8
BRDA:9,1,0,2
BRDA:13,2,0,1
BRDA:19,3,0,2
BRDA:22,4,0,1
BRDA:28,5,0,1
BRDA:40,6,0,1
BRF:7
BRH:7
end_of_record
TN:
SF:src/services/tasks/task.service.ts
FN:5,TaskServices
FN:7,create
FN:11,read
FN:15,update
FN:19,delete
FNF:5
FNH:5
FNDA:4,TaskServices
FNDA:1,create
FNDA:1,read
FNDA:1,update
FNDA:1,delete
DA:1,1
DA:2,1
DA:3,1
DA:4,1
DA:5,1
DA:6,1
DA:7,1
DA:8,1
DA:9,1
DA:10,1
DA:11,1
DA:12,1
DA:13,1
DA:14,1
DA:15,1
DA:16,1
DA:17,1
DA:18,1
DA:19,1
DA:20,1
DA:21,1
DA:22,1
LF:22
LH:22
BRDA:5,0,0,4
BRDA:7,1,0,1
BRDA:11,2,0,1
BRDA:15,3,0,1
BRDA:19,4,0,1
BRF:5
BRH:5
end_of_record
